<?xml version="1.0" encoding="UTF-8"?>
<bplog:Log xmi:version="2.0" xmlns:xmi="http://www.omg.org/XMI" xmlns:xsi="http://www.w3.org/2001/XMLSchema-instance" xmlns:bplog="http://simtech.de/bpel/logging" processModelName="ConductOrder2" processModelPath="C:\Users\degelej\Desktop\eclipse_win32\workspace\ConductOrder2\rev0\ConductOrder2.bpel">
  <modelChange xsi:type="bplog:StructuralChange" changeReason="ElementRemoved" timestamp="2016-11-14T14:15:23.954+0100">
    <parentElement elementType="sequence" elementName="main" elementXPath="/process/sequence[1]"/>
    <oldElement elementType="empty" elementName="FIX_ME-Add_Business_Logic_Here" elementXPath="/process/sequence[1]/empty[1]"/>
  </modelChange>
  <modelChange xsi:type="bplog:StructuralChange" changeReason="ElementAdded" timestamp="2016-11-14T14:15:32.803+0100">
    <parentElement elementType="sequence" elementName="main" elementXPath="/process/sequence[1]"/>
    <newElement elementType="invoke" elementName="" elementXPath="/process/sequence[1]/invoke[1]"/>
  </modelChange>
  <modelChange xsi:type="bplog:ValueChange" changeReason="AttributeChanged" timestamp="2016-11-14T14:15:32.814+0100">
    <containingElement elementType="invoke" elementName="" elementXPath="/process/sequence[1]/invoke[1]"/>
    <attribute attributeName="name" oldValue="" newValue="Invoke"/>
  </modelChange>
  <modelChange xsi:type="bplog:ValueChange" changeReason="AttributeChanged" timestamp="2016-11-14T14:15:39.765+0100">
    <containingElement elementType="invoke" elementName="Invoke" elementXPath="/process/sequence[1]/invoke[1]"/>
    <attribute attributeName="name" oldValue="Invoke" newValue="InvokeListProducts"/>
  </modelChange>
  <modelChange xsi:type="bplog:StructuralChange" changeReason="ElementAdded" timestamp="2016-11-14T14:32:05.957+0100">
    <parentElement elementType="process" elementName="ConductOrder2" elementXPath="/process"/>
    <newElement elementType="import" elementName="" elementXPath="/process/import[1]"/>
  </modelChange>
  <modelChange xsi:type="bplog:StructuralChange" changeReason="ElementAdded" timestamp="2016-11-14T14:32:11.464+0100">
    <parentElement elementType="partnerLinks" elementName="" elementXPath="/process/partnerLinks[1]"/>
    <newElement elementType="partnerLink" elementName="" elementXPath="/process/partnerLinks[1]/partnerLink[2]"/>
  </modelChange>
  <modelChange xsi:type="bplog:ValueChange" changeReason="AttributeChanged" timestamp="2016-11-14T14:32:11.479+0100">
    <containingElement elementType="partnerLink" elementName="" elementXPath="/process/partnerLinks[1]/partnerLink[2]"/>
    <attribute attributeName="name" oldValue="" newValue="PartnerLink"/>
  </modelChange>
  <modelChange xsi:type="bplog:ValueChange" changeReason="AttributeChanged" timestamp="2016-11-14T14:32:15.956+0100">
    <containingElement elementType="partnerLink" elementName="PartnerLink" elementXPath="/process/partnerLinks[1]/partnerLink[2]"/>
    <attribute attributeName="name" oldValue="PartnerLink" newValue="InventoryPL"/>
  </modelChange>
  <modelChange xsi:type="bplog:ValueChange" changeReason="AttributeChanged" timestamp="2016-11-14T14:32:37.186+0100">
    <containingElement elementType="partnerLink" elementName="InventoryPL" elementXPath="/process/partnerLinks[1]/partnerLink[2]"/>
    <attribute attributeName="partnerLinkType" oldValue="" newValue="tns:InventoryPLT"/>
  </modelChange>
  <modelChange xsi:type="bplog:ValueChange" changeReason="AttributeChanged" timestamp="2016-11-14T14:32:45.313+0100">
    <containingElement elementType="partnerLink" elementName="InventoryPL" elementXPath="/process/partnerLinks[1]/partnerLink[2]"/>
    <attribute attributeName="partnerRole" oldValue="" newValue="InventoryRole"/>
  </modelChange>
  <modelChange xsi:type="bplog:StructuralChange" changeReason="ElementAdded" timestamp="2016-11-14T14:32:59.461+0100">
    <parentElement elementType="variables" elementName="" elementXPath="/process/variables[1]"/>
    <newElement elementType="variable" elementName="InventoryPLResponse" elementXPath="/process/variables[1]/variable[3]"/>
  </modelChange>
  <modelChange xsi:type="bplog:StructuralChange" changeReason="ElementAdded" timestamp="2016-11-14T14:32:59.476+0100">
    <parentElement elementType="variables" elementName="" elementXPath="/process/variables[1]"/>
    <newElement elementType="variable" elementName="InventoryPLRequest" elementXPath="/process/variables[1]/variable[4]"/>
  </modelChange>
  <modelChange xsi:type="bplog:ValueChange" changeReason="AttributeChanged" timestamp="2016-11-14T14:32:59.476+0100">
    <containingElement elementType="invoke" elementName="InvokeListProducts" elementXPath="/process/sequence[1]/invoke[1]"/>
    <attribute attributeName="partnerLink" oldValue="" newValue="InventoryPL"/>
  </modelChange>
  <modelChange xsi:type="bplog:ValueChange" changeReason="AttributeChanged" timestamp="2016-11-14T14:32:59.476+0100">
    <containingElement elementType="invoke" elementName="InvokeListProducts" elementXPath="/process/sequence[1]/invoke[1]"/>
    <attribute attributeName="operation" oldValue="" newValue="checkAvailability"/>
  </modelChange>
  <modelChange xsi:type="bplog:ValueChange" changeReason="AttributeChanged" timestamp="2016-11-14T14:32:59.492+0100">
    <containingElement elementType="invoke" elementName="InvokeListProducts" elementXPath="/process/sequence[1]/invoke[1]"/>
    <attribute attributeName="operation" oldValue="checkAvailability" newValue="listProducts"/>
  </modelChange>
  <modelChange xsi:type="bplog:ValueChange" changeReason="AttributeChanged" timestamp="2016-11-14T14:32:59.492+0100">
    <containingElement elementType="invoke" elementName="InvokeListProducts" elementXPath="/process/sequence[1]/invoke[1]"/>
    <attribute attributeName="portType" oldValue="" newValue="ns:InventoryPortType"/>
  </modelChange>
  <modelChange xsi:type="bplog:ValueChange" changeReason="AttributeChanged" timestamp="2016-11-14T14:32:59.492+0100">
    <containingElement elementType="invoke" elementName="InvokeListProducts" elementXPath="/process/sequence[1]/invoke[1]"/>
    <attribute attributeName="inputVariable" oldValue="" newValue="InventoryPLRequest"/>
  </modelChange>
  <modelChange xsi:type="bplog:ValueChange" changeReason="AttributeChanged" timestamp="2016-11-14T14:32:59.508+0100">
    <containingElement elementType="invoke" elementName="InvokeListProducts" elementXPath="/process/sequence[1]/invoke[1]"/>
    <attribute attributeName="outputVariable" oldValue="" newValue="InventoryPLResponse"/>
  </modelChange>
  <modelChange xsi:type="bplog:StructuralChange" changeReason="ElementAdded" timestamp="2016-11-14T14:33:27.211+0100">
    <parentElement elementType="sequence" elementName="main" elementXPath="/process/sequence[1]"/>
    <newElement elementType="assign" elementName="" elementXPath="/process/sequence[1]/assign[1]"/>
  </modelChange>
  <modelChange xsi:type="bplog:ValueChange" changeReason="AttributeChanged" timestamp="2016-11-14T14:33:27.211+0100">
    <containingElement elementType="assign" elementName="" elementXPath="/process/sequence[1]/assign[1]"/>
    <attribute attributeName="name" oldValue="" newValue="Assign"/>
  </modelChange>
  <modelChange xsi:type="bplog:StructuralChange" changeReason="ElementAdded" timestamp="2016-11-14T14:33:29.644+0100">
    <parentElement elementType="sequence" elementName="main" elementXPath="/process/sequence[1]"/>
    <newElement elementType="assign" elementName="" elementXPath="/process/sequence[1]/assign[2]"/>
  </modelChange>
  <modelChange xsi:type="bplog:ValueChange" changeReason="AttributeChanged" timestamp="2016-11-14T14:33:29.644+0100">
    <containingElement elementType="assign" elementName="" elementXPath="/process/sequence[1]/assign[2]"/>
    <attribute attributeName="name" oldValue="" newValue="Assign1"/>
  </modelChange>
  <modelChange xsi:type="bplog:StructuralChange" changeReason="ElementAdded" timestamp="2016-11-14T14:34:51.198+0100">
    <parentElement elementType="assign" elementName="Assign" elementXPath="/process/sequence[1]/assign[1]"/>
    <newElement elementType="copy" elementName="" elementXPath="/process/sequence[1]/assign[1]/copy[1]"/>
  </modelChange>
  <modelChange xsi:type="bplog:StructuralChange" changeReason="ElementAdded" timestamp="2016-11-14T14:34:51.232+0100">
    <parentElement elementType="copy" elementName="" elementXPath="/process/sequence[1]/assign[1]/copy[1]"/>
    <newElement elementType="from" elementName=""/>
  </modelChange>
  <modelChange xsi:type="bplog:StructuralChange" changeReason="ElementAdded" timestamp="2016-11-14T14:34:51.250+0100">
    <parentElement elementType="copy" elementName="" elementXPath="/process/sequence[1]/assign[1]/copy[1]"/>
    <newElement elementType="to" elementName=""/>
  </modelChange>
  <modelChange xsi:type="bplog:ValueChange" changeReason="AttributeChanged" timestamp="2016-11-14T14:35:04.369+0100">
    <containingElement elementType="from" elementName="" elementXPath="/process/sequence[1]/assign[1]/copy[1]/from[1]"/>
    <attribute attributeName="variable" oldValue=""/>
  </modelChange>
  <modelChange xsi:type="bplog:ValueChange" changeReason="AttributeChanged" timestamp="2016-11-14T14:35:04.370+0100">
    <containingElement elementType="from" elementName="" elementXPath="/process/sequence[1]/assign[1]/copy[1]/from[1]"/>
    <attribute attributeName="part" oldValue=""/>
  </modelChange>
  <modelChange xsi:type="bplog:ValueChange" changeReason="AttributeChanged" timestamp="2016-11-14T14:35:04.371+0100">
    <containingElement elementType="from" elementName="" elementXPath="/process/sequence[1]/assign[1]/copy[1]/from[1]"/>
    <attribute attributeName="property" oldValue=""/>
  </modelChange>
  <modelChange xsi:type="bplog:ValueChange" changeReason="AttributeChanged" timestamp="2016-11-14T14:35:04.372+0100">
    <containingElement elementType="from" elementName="" elementXPath="/process/sequence[1]/assign[1]/copy[1]/from[1]"/>
    <attribute attributeName="part" oldValue="" newValue="payload"/>
  </modelChange>
  <modelChange xsi:type="bplog:ValueChange" changeReason="AttributeChanged" timestamp="2016-11-14T14:35:04.384+0100">
    <containingElement elementType="from" elementName="" elementXPath="/process/sequence[1]/assign[1]/copy[1]/from[1]"/>
    <attribute attributeName="variable" oldValue="" newValue="input"/>
  </modelChange>
  <modelChange xsi:type="bplog:ValueChange" changeReason="AttributeChanged" timestamp="2016-11-14T14:36:11.026+0100">
    <containingElement elementType="to" elementName=""/>
    <attribute attributeName="variable" oldValue=""/>
  </modelChange>
  <modelChange xsi:type="bplog:ValueChange" changeReason="AttributeChanged" timestamp="2016-11-14T14:36:11.026+0100">
    <containingElement elementType="to" elementName=""/>
    <attribute attributeName="part" oldValue=""/>
  </modelChange>
  <modelChange xsi:type="bplog:ValueChange" changeReason="AttributeChanged" timestamp="2016-11-14T14:36:11.027+0100">
    <containingElement elementType="to" elementName=""/>
    <attribute attributeName="property" oldValue=""/>
  </modelChange>
  <modelChange xsi:type="bplog:ValueChange" changeReason="AttributeChanged" timestamp="2016-11-14T14:36:11.027+0100">
    <containingElement elementType="to" elementName=""/>
    <attribute attributeName="part" oldValue="" newValue="listProductsInput"/>
  </modelChange>
  <modelChange xsi:type="bplog:ValueChange" changeReason="AttributeChanged" timestamp="2016-11-14T14:36:11.032+0100">
    <containingElement elementType="to" elementName=""/>
    <attribute attributeName="variable" oldValue="" newValue="InventoryPLRequest"/>
  </modelChange>
  <modelChange xsi:type="bplog:StructuralChange" changeReason="ElementAdded" timestamp="2016-11-14T14:36:13.207+0100">
    <parentElement elementType="assign" elementName="Assign" elementXPath="/process/sequence[1]/assign[1]"/>
    <newElement elementType="copy" elementName="" elementXPath="/process/sequence[1]/assign[1]/copy[1]"/>
  </modelChange>
  <modelChange xsi:type="bplog:StructuralChange" changeReason="ElementAdded" timestamp="2016-11-14T14:36:13.215+0100">
    <parentElement elementType="copy" elementName="" elementXPath="/process/sequence[1]/assign[1]/copy[1]"/>
    <newElement elementType="from" elementName=""/>
  </modelChange>
  <modelChange xsi:type="bplog:StructuralChange" changeReason="ElementAdded" timestamp="2016-11-14T14:36:13.225+0100">
    <parentElement elementType="copy" elementName="" elementXPath="/process/sequence[1]/assign[1]/copy[1]"/>
    <newElement elementType="to" elementName=""/>
  </modelChange>
  <modelChange xsi:type="bplog:StructuralChange" changeReason="ElementRemoved" timestamp="2016-11-14T14:36:13.248+0100">
    <parentElement elementType="copy" elementName="" elementXPath="/process/sequence[1]/assign[1]/copy[1]"/>
    <oldElement elementType="from" elementName="" elementXPath="/process/sequence[1]/assign[1]/copy[1]/from[1]"/>
  </modelChange>
  <modelChange xsi:type="bplog:StructuralChange" changeReason="ElementAdded" timestamp="2016-11-14T14:36:13.248+0100">
    <parentElement elementType="copy" elementName="" elementXPath="/process/sequence[1]/assign[1]/copy[1]"/>
    <newElement elementType="from" elementName=""/>
  </modelChange>
  <modelChange xsi:type="bplog:StructuralChange" changeReason="ElementRemoved" timestamp="2016-11-14T14:36:13.254+0100">
    <parentElement elementType="copy" elementName="" elementXPath="/process/sequence[1]/assign[1]/copy[1]"/>
    <oldElement elementType="to" elementName="" elementXPath="/process/sequence[1]/assign[1]/copy[1]/to[1]"/>
  </modelChange>
  <modelChange xsi:type="bplog:StructuralChange" changeReason="ElementAdded" timestamp="2016-11-14T14:36:13.254+0100">
    <parentElement elementType="copy" elementName="" elementXPath="/process/sequence[1]/assign[1]/copy[1]"/>
    <newElement elementType="to" elementName=""/>
  </modelChange>
  <modelChange xsi:type="bplog:ValueChange" changeReason="LiteralRemoved" timestamp="2016-11-14T14:36:24.348+0100">
    <containingElement elementType="from" elementName="" elementXPath="/process/sequence[1]/assign[1]/copy[1]/from[1]"/>
    <attribute attributeName="literal" oldValue="&lt;tns:listProducts xmlns:tns=&quot;http://iaas.uni-stuttgart.de/labs/FlowSOG&quot; xmlns:xsi=&quot;http://www.w3.org/2001/XMLSchema-instance&quot;>&#xD;&#xA;  &lt;tns:limit>0&lt;/tns:limit>&#xD;&#xA;&lt;/tns:listProducts>&#xD;&#xA;"/>
  </modelChange>
  <modelChange xsi:type="bplog:ValueChange" changeReason="LiteralAdded" timestamp="2016-11-14T14:36:24.348+0100">
    <containingElement elementType="from" elementName="" elementXPath="/process/sequence[1]/assign[1]/copy[1]/from[1]"/>
    <attribute attributeName="literal" newValue="&lt;tns:listProducts xmlns:tns=&quot;http://iaas.uni-stuttgart.de/labs/FlowSOG&quot; xmlns:xsi=&quot;http://www.w3.org/2001/XMLSchema-instance&quot;>&#xD;&#xA;  &lt;tns:limit>5&lt;/tns:limit>&#xD;&#xA;&lt;/tns:listProducts>&#xD;&#xA;"/>
  </modelChange>
  <modelChange xsi:type="bplog:StructuralChange" changeReason="ElementAdded" timestamp="2016-11-14T14:36:27.261+0100">
    <parentElement elementType="assign" elementName="Assign" elementXPath="/process/sequence[1]/assign[1]"/>
    <newElement elementType="copy" elementName="" elementXPath="/process/sequence[1]/assign[1]/copy[3]"/>
  </modelChange>
  <modelChange xsi:type="bplog:StructuralChange" changeReason="ElementAdded" timestamp="2016-11-14T14:36:27.281+0100">
    <parentElement elementType="copy" elementName="" elementXPath="/process/sequence[1]/assign[1]/copy[3]"/>
    <newElement elementType="from" elementName=""/>
  </modelChange>
  <modelChange xsi:type="bplog:StructuralChange" changeReason="ElementAdded" timestamp="2016-11-14T14:36:27.292+0100">
    <parentElement elementType="copy" elementName="" elementXPath="/process/sequence[1]/assign[1]/copy[3]"/>
    <newElement elementType="to" elementName=""/>
  </modelChange>
  <modelChange xsi:type="bplog:StructuralChange" changeReason="ElementRemoved" timestamp="2016-11-14T14:36:28.835+0100">
    <parentElement elementType="copy" elementName="" elementXPath="/process/sequence[1]/assign[1]/copy[3]"/>
    <oldElement elementType="from" elementName="" elementXPath="/process/sequence[1]/assign[1]/copy[3]/from[1]"/>
  </modelChange>
  <modelChange xsi:type="bplog:StructuralChange" changeReason="ElementAdded" timestamp="2016-11-14T14:36:28.836+0100">
    <parentElement elementType="copy" elementName="" elementXPath="/process/sequence[1]/assign[1]/copy[3]"/>
    <newElement elementType="from" elementName=""/>
  </modelChange>
  <modelChange xsi:type="bplog:ValueChange" changeReason="LiteralAdded" timestamp="2016-11-14T14:36:28.852+0100">
    <containingElement elementType="from" elementName=""/>
    <attribute attributeName="literal" newValue=""/>
  </modelChange>
  <modelChange xsi:type="bplog:StructuralChange" changeReason="ElementRemoved" timestamp="2016-11-14T14:36:32.223+0100">
    <parentElement elementType="copy" elementName="" elementXPath="/process/sequence[1]/assign[1]/copy[3]"/>
    <oldElement elementType="from" elementName=""/>
  </modelChange>
  <modelChange xsi:type="bplog:StructuralChange" changeReason="ElementAdded" timestamp="2016-11-14T14:36:32.223+0100">
    <parentElement elementType="copy" elementName="" elementXPath="/process/sequence[1]/assign[1]/copy[3]"/>
    <newElement elementType="from" elementName=""/>
  </modelChange>
  <modelChange xsi:type="bplog:StructuralChange" changeReason="ElementRemoved" timestamp="2016-11-14T14:36:32.734+0100">
    <parentElement elementType="copy" elementName="" elementXPath="/process/sequence[1]/assign[1]/copy[3]"/>
    <oldElement elementType="from" elementName=""/>
  </modelChange>
  <modelChange xsi:type="bplog:StructuralChange" changeReason="ElementAdded" timestamp="2016-11-14T14:36:32.735+0100">
    <parentElement elementType="copy" elementName="" elementXPath="/process/sequence[1]/assign[1]/copy[3]"/>
    <newElement elementType="from" elementName=""/>
  </modelChange>
  <modelChange xsi:type="bplog:ValueChange" changeReason="LiteralAdded" timestamp="2016-11-14T14:36:32.754+0100">
    <containingElement elementType="from" elementName=""/>
    <attribute attributeName="literal" newValue=""/>
  </modelChange>
  <modelChange xsi:type="bplog:ValueChange" changeReason="AttributeChanged" timestamp="2016-11-14T14:36:42.316+0100">
    <containingElement elementType="to" elementName="" elementXPath="/process/sequence[1]/assign[1]/copy[3]/to[1]"/>
    <attribute attributeName="variable" oldValue=""/>
  </modelChange>
  <modelChange xsi:type="bplog:ValueChange" changeReason="AttributeChanged" timestamp="2016-11-14T14:36:42.317+0100">
    <containingElement elementType="to" elementName="" elementXPath="/process/sequence[1]/assign[1]/copy[3]/to[1]"/>
    <attribute attributeName="part" oldValue=""/>
  </modelChange>
  <modelChange xsi:type="bplog:ValueChange" changeReason="AttributeChanged" timestamp="2016-11-14T14:36:42.318+0100">
    <containingElement elementType="to" elementName="" elementXPath="/process/sequence[1]/assign[1]/copy[3]/to[1]"/>
    <attribute attributeName="property" oldValue=""/>
  </modelChange>
  <modelChange xsi:type="bplog:ValueChange" changeReason="AttributeChanged" timestamp="2016-11-14T14:36:42.319+0100">
    <containingElement elementType="to" elementName="" elementXPath="/process/sequence[1]/assign[1]/copy[3]/to[1]"/>
    <attribute attributeName="part" oldValue="" newValue="payload"/>
  </modelChange>
  <modelChange xsi:type="bplog:ValueChange" changeReason="AttributeChanged" timestamp="2016-11-14T14:36:42.325+0100">
    <containingElement elementType="to" elementName="" elementXPath="/process/sequence[1]/assign[1]/copy[3]/to[1]"/>
    <attribute attributeName="variable" oldValue="" newValue="output"/>
  </modelChange>
  <modelChange xsi:type="bplog:ValueChange" changeReason="LiteralRemoved" timestamp="2016-11-14T14:37:31.594+0100">
    <containingElement elementType="from" elementName=""/>
    <attribute attributeName="literal" oldValue=""/>
  </modelChange>
  <modelChange xsi:type="bplog:ValueChange" changeReason="LiteralAdded" timestamp="2016-11-14T14:37:31.594+0100">
    <containingElement elementType="from" elementName=""/>
    <attribute attributeName="literal" newValue="&lt;tns:ConductOrder2Response xmlns:tns=&quot;sog&quot; xmlns:xsi=&quot;http://www.w3.org/2001/XMLSchema-instance&quot;>&#xD;&#xA;  &lt;tns:result>tns:result&lt;/tns:result>&#xD;&#xA;&lt;/tns:ConductOrder2Response>&#xD;&#xA;"/>
  </modelChange>
  <modelChange xsi:type="bplog:StructuralChange" changeReason="ElementAdded" timestamp="2016-11-14T14:37:52.575+0100">
    <parentElement elementType="assign" elementName="Assign1" elementXPath="/process/sequence[1]/assign[2]"/>
    <newElement elementType="copy" elementName="" elementXPath="/process/sequence[1]/assign[2]/copy[1]"/>
  </modelChange>
  <modelChange xsi:type="bplog:StructuralChange" changeReason="ElementAdded" timestamp="2016-11-14T14:37:52.591+0100">
    <parentElement elementType="copy" elementName="" elementXPath="/process/sequence[1]/assign[2]/copy[1]"/>
    <newElement elementType="from" elementName=""/>
  </modelChange>
  <modelChange xsi:type="bplog:StructuralChange" changeReason="ElementAdded" timestamp="2016-11-14T14:37:52.606+0100">
    <parentElement elementType="copy" elementName="" elementXPath="/process/sequence[1]/assign[2]/copy[1]"/>
    <newElement elementType="to" elementName=""/>
  </modelChange>
  <modelChange xsi:type="bplog:ValueChange" changeReason="AttributeChanged" timestamp="2016-11-14T14:37:59.907+0100">
    <containingElement elementType="from" elementName="" elementXPath="/process/sequence[1]/assign[2]/copy[1]/from[1]"/>
    <attribute attributeName="variable" oldValue=""/>
  </modelChange>
  <modelChange xsi:type="bplog:ValueChange" changeReason="AttributeChanged" timestamp="2016-11-14T14:37:59.907+0100">
    <containingElement elementType="from" elementName="" elementXPath="/process/sequence[1]/assign[2]/copy[1]/from[1]"/>
    <attribute attributeName="part" oldValue=""/>
  </modelChange>
  <modelChange xsi:type="bplog:ValueChange" changeReason="AttributeChanged" timestamp="2016-11-14T14:37:59.923+0100">
    <containingElement elementType="from" elementName="" elementXPath="/process/sequence[1]/assign[2]/copy[1]/from[1]"/>
    <attribute attributeName="property" oldValue=""/>
  </modelChange>
  <modelChange xsi:type="bplog:ValueChange" changeReason="AttributeChanged" timestamp="2016-11-14T14:37:59.923+0100">
    <containingElement elementType="from" elementName="" elementXPath="/process/sequence[1]/assign[2]/copy[1]/from[1]"/>
    <attribute attributeName="part" oldValue="" newValue="listProductsOutput"/>
  </modelChange>
  <modelChange xsi:type="bplog:ValueChange" changeReason="AttributeChanged" timestamp="2016-11-14T14:37:59.923+0100">
    <containingElement elementType="from" elementName="" elementXPath="/process/sequence[1]/assign[2]/copy[1]/from[1]"/>
    <attribute attributeName="variable" oldValue="" newValue="InventoryPLResponse"/>
  </modelChange>
  <modelChange xsi:type="bplog:ValueChange" changeReason="AttributeChanged" timestamp="2016-11-14T14:38:03.713+0100">
    <containingElement elementType="to" elementName=""/>
    <attribute attributeName="variable" oldValue=""/>
  </modelChange>
  <modelChange xsi:type="bplog:ValueChange" changeReason="AttributeChanged" timestamp="2016-11-14T14:38:03.729+0100">
    <containingElement elementType="to" elementName=""/>
    <attribute attributeName="part" oldValue=""/>
  </modelChange>
  <modelChange xsi:type="bplog:ValueChange" changeReason="AttributeChanged" timestamp="2016-11-14T14:38:03.729+0100">
    <containingElement elementType="to" elementName=""/>
    <attribute attributeName="property" oldValue=""/>
  </modelChange>
  <modelChange xsi:type="bplog:ValueChange" changeReason="AttributeChanged" timestamp="2016-11-14T14:38:03.729+0100">
    <containingElement elementType="to" elementName=""/>
    <attribute attributeName="part" oldValue="" newValue="payload"/>
  </modelChange>
  <modelChange xsi:type="bplog:ValueChange" changeReason="AttributeChanged" timestamp="2016-11-14T14:38:03.729+0100">
    <containingElement elementType="to" elementName=""/>
    <attribute attributeName="variable" oldValue="" newValue="output"/>
  </modelChange>
  <modelChange xsi:type="bplog:StructuralChange" changeReason="ElementAdded" timestamp="2016-11-14T14:38:04.774+0100">
    <parentElement elementType="assign" elementName="Assign1" elementXPath="/process/sequence[1]/assign[2]"/>
    <newElement elementType="copy" elementName="" elementXPath="/process/sequence[1]/assign[2]/copy[1]"/>
  </modelChange>
  <modelChange xsi:type="bplog:StructuralChange" changeReason="ElementAdded" timestamp="2016-11-14T14:38:04.774+0100">
    <parentElement elementType="copy" elementName="" elementXPath="/process/sequence[1]/assign[2]/copy[1]"/>
    <newElement elementType="from" elementName=""/>
  </modelChange>
  <modelChange xsi:type="bplog:StructuralChange" changeReason="ElementAdded" timestamp="2016-11-14T14:38:04.790+0100">
    <parentElement elementType="copy" elementName="" elementXPath="/process/sequence[1]/assign[2]/copy[1]"/>
    <newElement elementType="to" elementName=""/>
  </modelChange>
  <modelChange xsi:type="bplog:StructuralChange" changeReason="ElementRemoved" timestamp="2016-11-14T14:38:04.805+0100">
    <parentElement elementType="copy" elementName="" elementXPath="/process/sequence[1]/assign[2]/copy[1]"/>
    <oldElement elementType="from" elementName="" elementXPath="/process/sequence[1]/assign[2]/copy[1]/from[1]"/>
  </modelChange>
  <modelChange xsi:type="bplog:StructuralChange" changeReason="ElementAdded" timestamp="2016-11-14T14:38:04.805+0100">
    <parentElement elementType="copy" elementName="" elementXPath="/process/sequence[1]/assign[2]/copy[1]"/>
    <newElement elementType="from" elementName=""/>
  </modelChange>
  <modelChange xsi:type="bplog:StructuralChange" changeReason="ElementRemoved" timestamp="2016-11-14T14:38:04.805+0100">
    <parentElement elementType="copy" elementName="" elementXPath="/process/sequence[1]/assign[2]/copy[1]"/>
    <oldElement elementType="to" elementName="" elementXPath="/process/sequence[1]/assign[2]/copy[1]/to[1]"/>
  </modelChange>
  <modelChange xsi:type="bplog:StructuralChange" changeReason="ElementAdded" timestamp="2016-11-14T14:38:04.805+0100">
    <parentElement elementType="copy" elementName="" elementXPath="/process/sequence[1]/assign[2]/copy[1]"/>
    <newElement elementType="to" elementName=""/>
  </modelChange>
  <modelChange xsi:type="bplog:StructuralChange" changeReason="ElementRemoved" timestamp="2016-11-14T14:43:51.717+0100">
    <parentElement elementType="assign" elementName="Assign" elementXPath="/process/sequence[1]/assign[1]"/>
    <oldElement elementType="copy" elementName="" elementXPath="/process/sequence[1]/assign[1]/copy[3]"/>
  </modelChange>
  <modelChange xsi:type="bplog:StructuralChange" changeReason="ElementRemoved" timestamp="2016-11-14T14:43:51.717+0100">
    <parentElement elementType="copy" elementName="" elementXPath="/process/sequence[1]/assign[1]/copy[3]"/>
    <oldElement elementType="to" elementName="" elementXPath="/process/sequence[1]/assign[1]/copy[3]/to[1]"/>
  </modelChange>
  <modelChange xsi:type="bplog:StructuralChange" changeReason="ElementRemoved" timestamp="2016-11-14T14:43:51.717+0100">
    <parentElement elementType="copy" elementName="" elementXPath="/process/sequence[1]/assign[1]/copy[3]"/>
    <oldElement elementType="from" elementName=""/>
  </modelChange>
  <modelChange xsi:type="bplog:ValueChange" changeReason="AttributeChanged" timestamp="2016-11-14T14:44:21.419+0100">
    <containingElement elementType="to" elementName=""/>
    <attribute attributeName="variable" oldValue="InventoryPLRequest"/>
  </modelChange>
  <modelChange xsi:type="bplog:ValueChange" changeReason="AttributeChanged" timestamp="2016-11-14T14:44:21.435+0100">
    <containingElement elementType="to" elementName=""/>
    <attribute attributeName="part" oldValue="listProductsInput"/>
  </modelChange>
  <modelChange xsi:type="bplog:ValueChange" changeReason="AttributeChanged" timestamp="2016-11-14T14:44:21.450+0100">
    <containingElement elementType="to" elementName=""/>
    <attribute attributeName="property" oldValue=""/>
  </modelChange>
  <modelChange xsi:type="bplog:ValueChange" changeReason="AttributeChanged" timestamp="2016-11-14T14:44:21.450+0100">
    <containingElement elementType="to" elementName=""/>
    <attribute attributeName="part" oldValue="" newValue="listProductsInput"/>
  </modelChange>
  <modelChange xsi:type="bplog:ValueChange" changeReason="AttributeChanged" timestamp="2016-11-14T14:44:21.450+0100">
    <containingElement elementType="to" elementName=""/>
    <attribute attributeName="variable" oldValue="" newValue="InventoryPLRequest"/>
  </modelChange>
  <modelChange xsi:type="bplog:ValueChange" changeReason="LiteralRemoved" timestamp="2016-11-14T14:51:53.030+0100">
    <containingElement elementType="from" elementName="" elementXPath="/process/sequence[1]/assign[1]/copy[1]/from[1]"/>
    <attribute attributeName="literal" oldValue="&lt;tns:listProducts xmlns:tns=&quot;http://iaas.uni-stuttgart.de/labs/FlowSOG&quot; xmlns:xsi=&quot;http://www.w3.org/2001/XMLSchema-instance&quot;>&#xD;&#xA;  &lt;tns:limit>5&lt;/tns:limit>&#xD;&#xA;&lt;/tns:listProducts>"/>
  </modelChange>
  <modelChange xsi:type="bplog:ValueChange" changeReason="LiteralAdded" timestamp="2016-11-14T14:51:53.030+0100">
    <containingElement elementType="from" elementName="" elementXPath="/process/sequence[1]/assign[1]/copy[1]/from[1]"/>
    <attribute attributeName="literal" newValue="&lt;tns:listProducts xmlns:tns=&quot;http://iaas.uni-stuttgart.de/labs/FlowSOG&quot; xmlns:xsi=&quot;http://www.w3.org/2001/XMLSchema-instance&quot;>&#xD;&#xA;  &lt;tns:limit>tns:input&lt;/tns:limit>&#xD;&#xA;&lt;/tns:listProducts>"/>
  </modelChange>
  <modelChange xsi:type="bplog:ValueChange" changeReason="AttributeChanged" timestamp="2016-11-14T15:24:23.427+0100">
    <containingElement elementType="from" elementName="" elementXPath="/process/sequence[1]/assign[1]/copy[2]/from[1]"/>
    <attribute attributeName="variable" oldValue="input"/>
  </modelChange>
  <modelChange xsi:type="bplog:ValueChange" changeReason="AttributeChanged" timestamp="2016-11-14T15:24:23.439+0100">
    <containingElement elementType="from" elementName="" elementXPath="/process/sequence[1]/assign[1]/copy[2]/from[1]"/>
    <attribute attributeName="part" oldValue="payload"/>
  </modelChange>
  <modelChange xsi:type="bplog:ValueChange" changeReason="AttributeChanged" timestamp="2016-11-14T15:24:23.445+0100">
    <containingElement elementType="from" elementName="" elementXPath="/process/sequence[1]/assign[1]/copy[2]/from[1]"/>
    <attribute attributeName="property" oldValue=""/>
  </modelChange>
  <modelChange xsi:type="bplog:ValueChange" changeReason="AttributeChanged" timestamp="2016-11-14T15:24:23.457+0100">
    <containingElement elementType="from" elementName="" elementXPath="/process/sequence[1]/assign[1]/copy[2]/from[1]"/>
    <attribute attributeName="part" oldValue="" newValue="payload"/>
  </modelChange>
  <modelChange xsi:type="bplog:ValueChange" changeReason="AttributeChanged" timestamp="2016-11-14T15:24:23.460+0100">
    <containingElement elementType="from" elementName="" elementXPath="/process/sequence[1]/assign[1]/copy[2]/from[1]"/>
    <attribute attributeName="variable" oldValue="" newValue="input"/>
  </modelChange>
  <modelChange xsi:type="bplog:ValueChange" changeReason="AttributeChanged" timestamp="2016-11-14T15:24:31.615+0100">
    <containingElement elementType="from" elementName="" elementXPath="/process/sequence[1]/assign[1]/copy[2]/from[1]"/>
    <attribute attributeName="variable" oldValue="input"/>
  </modelChange>
  <modelChange xsi:type="bplog:ValueChange" changeReason="AttributeChanged" timestamp="2016-11-14T15:24:31.632+0100">
    <containingElement elementType="from" elementName="" elementXPath="/process/sequence[1]/assign[1]/copy[2]/from[1]"/>
    <attribute attributeName="part" oldValue="payload"/>
  </modelChange>
  <modelChange xsi:type="bplog:ValueChange" changeReason="AttributeChanged" timestamp="2016-11-14T15:24:31.642+0100">
    <containingElement elementType="from" elementName="" elementXPath="/process/sequence[1]/assign[1]/copy[2]/from[1]"/>
    <attribute attributeName="property" oldValue=""/>
  </modelChange>
  <modelChange xsi:type="bplog:ValueChange" changeReason="AttributeChanged" timestamp="2016-11-14T15:24:31.653+0100">
    <containingElement elementType="from" elementName="" elementXPath="/process/sequence[1]/assign[1]/copy[2]/from[1]"/>
    <attribute attributeName="part" oldValue="" newValue="payload"/>
  </modelChange>
  <modelChange xsi:type="bplog:ValueChange" changeReason="AttributeChanged" timestamp="2016-11-14T15:24:31.658+0100">
    <containingElement elementType="from" elementName="" elementXPath="/process/sequence[1]/assign[1]/copy[2]/from[1]"/>
    <attribute attributeName="variable" oldValue="" newValue="input"/>
  </modelChange>
  <modelChange xsi:type="bplog:ValueChange" changeReason="LiteralRemoved" timestamp="2016-11-14T15:25:24.173+0100">
    <containingElement elementType="from" elementName="" elementXPath="/process/sequence[1]/assign[1]/copy[1]/from[1]"/>
    <attribute attributeName="literal" oldValue="&lt;tns:listProducts xmlns:tns=&quot;http://iaas.uni-stuttgart.de/labs/FlowSOG&quot; xmlns:xsi=&quot;http://www.w3.org/2001/XMLSchema-instance&quot;>&#xD;&#xA;  &lt;tns:limit>tns:input&lt;/tns:limit>&#xD;&#xA;&lt;/tns:listProducts>"/>
  </modelChange>
  <modelChange xsi:type="bplog:ValueChange" changeReason="LiteralAdded" timestamp="2016-11-14T15:25:24.176+0100">
    <containingElement elementType="from" elementName="" elementXPath="/process/sequence[1]/assign[1]/copy[1]/from[1]"/>
    <attribute attributeName="literal" newValue="&lt;tns:listProducts xmlns:tns=&quot;http://iaas.uni-stuttgart.de/labs/FlowSOG&quot; xmlns:xsi=&quot;http://www.w3.org/2001/XMLSchema-instance&quot;>&#xD;&#xA;  &lt;tns:limit>5&lt;/tns:limit>&#xD;&#xA;&lt;/tns:listProducts>"/>
  </modelChange>
  <modelChange xsi:type="bplog:StructuralChange" changeReason="ElementRemoved" timestamp="2016-11-14T15:34:08.052+0100">
    <parentElement elementType="assign" elementName="Assign" elementXPath="/process/sequence[1]/assign[1]"/>
    <oldElement elementType="copy" elementName="" elementXPath="/process/sequence[1]/assign[1]/copy[2]"/>
  </modelChange>
  <modelChange xsi:type="bplog:StructuralChange" changeReason="ElementRemoved" timestamp="2016-11-14T15:34:08.054+0100">
    <parentElement elementType="copy" elementName="" elementXPath="/process/sequence[1]/assign[1]/copy[2]"/>
    <oldElement elementType="to" elementName="" elementXPath="/process/sequence[1]/assign[1]/copy[2]/to[1]"/>
  </modelChange>
  <modelChange xsi:type="bplog:StructuralChange" changeReason="ElementRemoved" timestamp="2016-11-14T15:34:08.054+0100">
    <parentElement elementType="copy" elementName="" elementXPath="/process/sequence[1]/assign[1]/copy[2]"/>
    <oldElement elementType="from" elementName="" elementXPath="/process/sequence[1]/assign[1]/copy[2]/from[1]"/>
  </modelChange>
  <modelChange xsi:type="bplog:StructuralChange" changeReason="ElementRemoved" timestamp="2016-11-14T15:34:08.062+0100">
    <parentElement elementType="assign" elementName="Assign" elementXPath="/process/sequence[1]/assign[1]"/>
    <oldElement elementType="copy" elementName="" elementXPath="/process/sequence[1]/assign[1]/copy[1]"/>
  </modelChange>
  <modelChange xsi:type="bplog:StructuralChange" changeReason="ElementRemoved" timestamp="2016-11-14T15:34:08.062+0100">
    <parentElement elementType="copy" elementName="" elementXPath="/process/sequence[1]/assign[1]/copy[1]"/>
    <oldElement elementType="to" elementName="" elementXPath="/process/sequence[1]/assign[1]/copy[1]/to[1]"/>
  </modelChange>
  <modelChange xsi:type="bplog:StructuralChange" changeReason="ElementRemoved" timestamp="2016-11-14T15:34:08.063+0100">
    <parentElement elementType="copy" elementName="" elementXPath="/process/sequence[1]/assign[1]/copy[1]"/>
    <oldElement elementType="from" elementName="" elementXPath="/process/sequence[1]/assign[1]/copy[1]/from[1]"/>
  </modelChange>
  <modelChange xsi:type="bplog:StructuralChange" changeReason="ElementAdded" timestamp="2016-11-14T15:34:08.080+0100">
    <parentElement elementType="assign" elementName="Assign" elementXPath="/process/sequence[1]/assign[1]"/>
    <newElement elementType="copy" elementName="" elementXPath="/process/sequence[1]/assign[1]/copy[1]"/>
  </modelChange>
  <modelChange xsi:type="bplog:StructuralChange" changeReason="ElementAdded" timestamp="2016-11-14T15:34:08.081+0100">
    <parentElement elementType="copy" elementName="" elementXPath="/process/sequence[1]/assign[1]/copy[1]"/>
    <newElement elementType="to" elementName="" elementXPath="/process/sequence[1]/assign[1]/copy[2]/to[1]"/>
  </modelChange>
  <modelChange xsi:type="bplog:StructuralChange" changeReason="ElementAdded" timestamp="2016-11-14T15:34:08.081+0100">
    <parentElement elementType="copy" elementName="" elementXPath="/process/sequence[1]/assign[1]/copy[1]"/>
    <newElement elementType="from" elementName="" elementXPath="/process/sequence[1]/assign[1]/copy[2]/from[1]"/>
  </modelChange>
  <modelChange xsi:type="bplog:StructuralChange" changeReason="ElementAdded" timestamp="2016-11-14T15:34:08.106+0100">
    <parentElement elementType="assign" elementName="Assign" elementXPath="/process/sequence[1]/assign[1]"/>
    <newElement elementType="copy" elementName="" elementXPath="/process/sequence[1]/assign[1]/copy[2]"/>
  </modelChange>
  <modelChange xsi:type="bplog:StructuralChange" changeReason="ElementAdded" timestamp="2016-11-14T15:34:08.106+0100">
    <parentElement elementType="copy" elementName="" elementXPath="/process/sequence[1]/assign[1]/copy[2]"/>
    <newElement elementType="to" elementName="" elementXPath="/process/sequence[1]/assign[1]/copy[1]/to[1]"/>
  </modelChange>
  <modelChange xsi:type="bplog:StructuralChange" changeReason="ElementAdded" timestamp="2016-11-14T15:34:08.106+0100">
    <parentElement elementType="copy" elementName="" elementXPath="/process/sequence[1]/assign[1]/copy[2]"/>
    <newElement elementType="from" elementName="" elementXPath="/process/sequence[1]/assign[1]/copy[1]/from[1]"/>
  </modelChange>
  <modelChange xsi:type="bplog:StructuralChange" changeReason="ElementRemoved" timestamp="2016-11-14T15:38:22.886+0100">
    <parentElement elementType="assign" elementName="Assign" elementXPath="/process/sequence[1]/assign[1]"/>
    <oldElement elementType="copy" elementName="" elementXPath="/process/sequence[1]/assign[1]/copy[1]"/>
  </modelChange>
  <modelChange xsi:type="bplog:StructuralChange" changeReason="ElementRemoved" timestamp="2016-11-14T15:38:22.887+0100">
    <parentElement elementType="copy" elementName="" elementXPath="/process/sequence[1]/assign[1]/copy[1]"/>
    <oldElement elementType="to" elementName="" elementXPath="/process/sequence[1]/assign[1]/copy[2]/to[1]"/>
  </modelChange>
  <modelChange xsi:type="bplog:StructuralChange" changeReason="ElementRemoved" timestamp="2016-11-14T15:38:22.887+0100">
    <parentElement elementType="copy" elementName="" elementXPath="/process/sequence[1]/assign[1]/copy[1]"/>
    <oldElement elementType="from" elementName="" elementXPath="/process/sequence[1]/assign[1]/copy[2]/from[1]"/>
  </modelChange>
  <modelChange xsi:type="bplog:ValueChange" changeReason="AttributeChanged" timestamp="2016-11-14T15:39:05.892+0100">
    <containingElement elementType="to" elementName="" elementXPath="/process/sequence[1]/assign[1]/copy[1]/to[1]"/>
    <attribute attributeName="variable" oldValue="InventoryPLRequest"/>
  </modelChange>
  <modelChange xsi:type="bplog:ValueChange" changeReason="AttributeChanged" timestamp="2016-11-14T15:39:05.928+0100">
    <containingElement elementType="to" elementName="" elementXPath="/process/sequence[1]/assign[1]/copy[1]/to[1]"/>
    <attribute attributeName="part" oldValue="listProductsInput"/>
  </modelChange>
  <modelChange xsi:type="bplog:ValueChange" changeReason="AttributeChanged" timestamp="2016-11-14T15:39:05.935+0100">
    <containingElement elementType="to" elementName="" elementXPath="/process/sequence[1]/assign[1]/copy[1]/to[1]"/>
    <attribute attributeName="property" oldValue=""/>
  </modelChange>
  <modelChange xsi:type="bplog:ValueChange" changeReason="AttributeChanged" timestamp="2016-11-14T15:39:05.947+0100">
    <containingElement elementType="to" elementName="" elementXPath="/process/sequence[1]/assign[1]/copy[1]/to[1]"/>
    <attribute attributeName="part" oldValue="" newValue="listProductsInput"/>
  </modelChange>
  <modelChange xsi:type="bplog:ValueChange" changeReason="AttributeChanged" timestamp="2016-11-14T15:39:05.953+0100">
    <containingElement elementType="to" elementName="" elementXPath="/process/sequence[1]/assign[1]/copy[1]/to[1]"/>
    <attribute attributeName="variable" oldValue="" newValue="InventoryPLRequest"/>
  </modelChange>
  <modelChange xsi:type="bplog:StructuralChange" changeReason="ElementAdded" timestamp="2016-11-14T15:39:39.111+0100">
    <parentElement elementType="assign" elementName="Assign" elementXPath="/process/sequence[1]/assign[1]"/>
    <newElement elementType="copy" elementName="" elementXPath="/process/sequence[1]/assign[1]/copy[2]"/>
  </modelChange>
  <modelChange xsi:type="bplog:StructuralChange" changeReason="ElementAdded" timestamp="2016-11-14T15:39:39.140+0100">
    <parentElement elementType="copy" elementName="" elementXPath="/process/sequence[1]/assign[1]/copy[2]"/>
    <newElement elementType="from" elementName=""/>
  </modelChange>
  <modelChange xsi:type="bplog:StructuralChange" changeReason="ElementAdded" timestamp="2016-11-14T15:39:39.152+0100">
    <parentElement elementType="copy" elementName="" elementXPath="/process/sequence[1]/assign[1]/copy[2]"/>
    <newElement elementType="to" elementName=""/>
  </modelChange>
  <modelChange xsi:type="bplog:ValueChange" changeReason="AttributeChanged" timestamp="2016-11-14T15:39:44.550+0100">
    <containingElement elementType="from" elementName="" elementXPath="/process/sequence[1]/assign[1]/copy[2]/from[1]"/>
    <attribute attributeName="variable" oldValue=""/>
  </modelChange>
  <modelChange xsi:type="bplog:ValueChange" changeReason="AttributeChanged" timestamp="2016-11-14T15:39:44.552+0100">
    <containingElement elementType="from" elementName="" elementXPath="/process/sequence[1]/assign[1]/copy[2]/from[1]"/>
    <attribute attributeName="part" oldValue=""/>
  </modelChange>
  <modelChange xsi:type="bplog:ValueChange" changeReason="AttributeChanged" timestamp="2016-11-14T15:39:44.553+0100">
    <containingElement elementType="from" elementName="" elementXPath="/process/sequence[1]/assign[1]/copy[2]/from[1]"/>
    <attribute attributeName="property" oldValue=""/>
  </modelChange>
  <modelChange xsi:type="bplog:ValueChange" changeReason="AttributeChanged" timestamp="2016-11-14T15:39:44.555+0100">
    <containingElement elementType="from" elementName="" elementXPath="/process/sequence[1]/assign[1]/copy[2]/from[1]"/>
    <attribute attributeName="part" oldValue="" newValue="payload"/>
  </modelChange>
  <modelChange xsi:type="bplog:ValueChange" changeReason="AttributeChanged" timestamp="2016-11-14T15:39:44.573+0100">
    <containingElement elementType="from" elementName="" elementXPath="/process/sequence[1]/assign[1]/copy[2]/from[1]"/>
    <attribute attributeName="variable" oldValue="" newValue="input"/>
  </modelChange>
  <modelChange xsi:type="bplog:ValueChange" changeReason="AttributeChanged" timestamp="2016-11-14T15:39:45.764+0100">
    <containingElement elementType="to" elementName=""/>
    <attribute attributeName="variable" oldValue=""/>
  </modelChange>
  <modelChange xsi:type="bplog:ValueChange" changeReason="AttributeChanged" timestamp="2016-11-14T15:39:45.766+0100">
    <containingElement elementType="to" elementName=""/>
    <attribute attributeName="part" oldValue=""/>
  </modelChange>
  <modelChange xsi:type="bplog:ValueChange" changeReason="AttributeChanged" timestamp="2016-11-14T15:39:45.768+0100">
    <containingElement elementType="to" elementName=""/>
    <attribute attributeName="property" oldValue=""/>
  </modelChange>
  <modelChange xsi:type="bplog:ValueChange" changeReason="AttributeChanged" timestamp="2016-11-14T15:39:45.770+0100">
    <containingElement elementType="to" elementName=""/>
    <attribute attributeName="part" oldValue="" newValue="listProductsInput"/>
  </modelChange>
  <modelChange xsi:type="bplog:ValueChange" changeReason="AttributeChanged" timestamp="2016-11-14T15:39:45.786+0100">
    <containingElement elementType="to" elementName=""/>
    <attribute attributeName="variable" oldValue="" newValue="InventoryPLRequest"/>
  </modelChange>
</bplog:Log>
